<?xml version="1.0" encoding="UTF-8"?>
<!-- Generated by org.testng.reporters.JUnitReportReporter -->
<testsuite skipped="0" hostname="DESKTOP-R4ROKKV" name="testCases.Get_Or_Read_A_Product" tests="1" failures="0" timestamp="27 Jun 2021 19:01:46 GMT" time="3.498" errors="0">
  <testcase name="read_A_Product" time="3.498" classname="testCases.Get_Or_Read_A_Product"/>
</testsuite> <!-- testCases.Get_Or_Read_A_Product -->
