<?xml version="1.0" encoding="UTF-8"?>
<!-- Generated by org.testng.reporters.JUnitReportReporter -->
<testsuite skipped="0" hostname="DESKTOP-R4ROKKV" name="testCases.PUT_Or_Update_A_Product" tests="1" failures="0" timestamp="27 Jun 2021 19:40:18 GMT" time="3.837" errors="0">
  <testcase name="update_A_Product" time="3.837" classname="testCases.PUT_Or_Update_A_Product"/>
</testsuite> <!-- testCases.PUT_Or_Update_A_Product -->
