<?xml version="1.0" encoding="UTF-8"?>
<!-- Generated by org.testng.reporters.JUnitReportReporter -->
<testsuite skipped="0" hostname="DESKTOP-R4ROKKV" name="testCases.POST_Or_Create_A_Product" tests="1" failures="0" timestamp="26 Jun 2021 15:27:59 GMT" time="6.216" errors="0">
  <testcase name="create_A_Product" time="6.216" classname="testCases.POST_Or_Create_A_Product"/>
</testsuite> <!-- testCases.POST_Or_Create_A_Product -->
