<?xml version="1.0" encoding="UTF-8"?>
<!-- Generated by org.testng.reporters.JUnitReportReporter -->
<testsuite skipped="0" hostname="DESKTOP-R4ROKKV" name="testCases.POST_Or_Create_A_Product2" tests="1" failures="0" timestamp="27 Jun 2021 19:32:51 GMT" time="4.500" errors="0">
  <testcase name="create_A_Product" time="4.500" classname="testCases.POST_Or_Create_A_Product2"/>
</testsuite> <!-- testCases.POST_Or_Create_A_Product2 -->
