<?xml version="1.0" encoding="UTF-8"?>
<!-- Generated by org.testng.reporters.JUnitReportReporter -->
<testsuite skipped="0" hostname="DESKTOP-R4ROKKV" name="testCases.Delete_A_Product" tests="1" failures="0" timestamp="27 Jun 2021 19:37:16 GMT" time="3.561" errors="0">
  <testcase name="delete_A_Product" time="3.561" classname="testCases.Delete_A_Product"/>
</testsuite> <!-- testCases.Delete_A_Product -->
