<?xml version="1.0" encoding="UTF-8"?>
<!-- Generated by org.testng.reporters.JUnitReportReporter -->
<testsuite skipped="0" hostname="DESKTOP-R4ROKKV" name="testCases.Get_Or_Read_All_Products" tests="1" failures="0" timestamp="27 Jun 2021 19:25:03 GMT" time="2.771" errors="0">
  <testcase name="read_All_Products" time="2.771" classname="testCases.Get_Or_Read_All_Products"/>
</testsuite> <!-- testCases.Get_Or_Read_All_Products -->
